[2015-10-08 12:33:20,964: INFO/MainProcess] sync with celery@user-11115
[2015-10-08 12:35:02,983: INFO/MainProcess] sync with celery@user-11115
[2015-10-08 12:36:15,642: WARNING/MainProcess] /home/user/.virtualenvs/work/lib/python3.4/site-packages/celery/apps/worker.py:161: CDeprecationWarning: 
Starting from version 3.2 Celery will refuse to accept pickle by default.

The pickle serializer is a security concern as it may give attackers
the ability to execute any command.  It's important to secure
your broker from unauthorized access when using pickle, so we think
that enabling pickle should require a deliberate action and not be
the default choice.

If you depend on pickle then you should set a setting to disable this
warning and to be sure that everything will continue working
when you upgrade to Celery 3.2::

    CELERY_ACCEPT_CONTENT = ['pickle', 'json', 'msgpack', 'yaml']

You must only enable the serializers that you will actually use.


  warnings.warn(CDeprecationWarning(W_PICKLE_DEPRECATED))

[2015-10-08 12:36:15,728: WARNING/Beat] Action delete
[2015-10-08 12:36:16,709: WARNING/MainProcess] /home/user/.virtualenvs/work/lib/python3.4/site-packages/kombu/pidbox.py:75: UserWarning: A node named celeryd@user-11115 is already using this process mailbox!

Maybe you forgot to shutdown the other node or did not do so properly?
Or if you meant to start multiple nodes on the same host please make sure
you give each node a unique node name!

  warnings.warn(W_PIDBOX_IN_USE.format(node=self))

[2015-10-08 12:36:16,711: WARNING/MainProcess] /home/user/.virtualenvs/work/lib/python3.4/site-packages/celery/fixups/django.py:265: UserWarning: Using settings.DEBUG leads to a memory leak, never use this setting in production environments!
  warnings.warn('Using settings.DEBUG leads to a memory leak, never '

[2015-10-08 12:36:16,711: WARNING/MainProcess] celeryd@user-11115 ready.
[2015-10-08 12:36:25,782: WARNING/Beat] Action delete
[2015-10-08 12:36:35,783: WARNING/Beat] Action delete
[2015-10-08 12:36:45,787: WARNING/Beat] Action delete
[2015-10-08 12:36:55,933: WARNING/Beat] Action delete
[2015-10-08 12:37:05,935: WARNING/Beat] Action delete
[2015-10-08 12:37:15,936: WARNING/Beat] Action delete
[2015-10-08 12:37:25,938: WARNING/Beat] Action delete
[2015-10-08 12:37:35,941: WARNING/Beat] Action delete
[2015-10-08 12:37:45,944: WARNING/Beat] Action delete
[2015-10-08 12:37:55,946: WARNING/Beat] Action delete
[2015-10-08 12:38:05,947: WARNING/Beat] Action delete
[2015-10-08 12:38:15,948: WARNING/Beat] Action delete
[2015-10-08 12:38:25,948: WARNING/Beat] Action delete
[2015-10-08 12:38:35,948: WARNING/Beat] Action delete
[2015-10-08 12:38:45,951: WARNING/Beat] Action delete
[2015-10-08 12:38:55,952: WARNING/Beat] Action delete
[2015-10-08 12:39:05,956: WARNING/Beat] Action delete
[2015-10-08 12:39:15,960: WARNING/Beat] Action delete
[2015-10-08 12:39:26,002: WARNING/Beat] Action delete
[2015-10-08 12:39:36,004: WARNING/Beat] Action delete
[2015-10-08 12:39:46,004: WARNING/Beat] Action delete
[2015-10-08 12:39:56,006: WARNING/Beat] Action delete
[2015-10-08 12:40:06,007: WARNING/Beat] Action delete
[2015-10-08 12:40:16,007: WARNING/Beat] Action delete
[2015-10-08 12:40:26,008: WARNING/Beat] Action delete
[2015-10-08 12:40:36,008: WARNING/Beat] Action delete
[2015-10-08 12:40:46,008: WARNING/Beat] Action delete
[2015-10-08 12:40:56,010: WARNING/Beat] Action delete
[2015-10-08 12:41:06,010: WARNING/Beat] Action delete
[2015-10-08 12:41:16,145: WARNING/Beat] Action delete
[2015-10-08 12:41:26,148: WARNING/Beat] Action delete
[2015-10-08 12:41:36,149: WARNING/Beat] Action delete
[2015-10-08 12:41:46,149: WARNING/Beat] Action delete
[2015-10-08 12:41:56,151: WARNING/Beat] Action delete
[2015-10-08 12:42:06,152: WARNING/Beat] Action delete
[2015-10-08 12:42:16,153: WARNING/Beat] Action delete
[2015-10-08 12:42:26,205: WARNING/Beat] Action delete
[2015-10-08 12:42:36,206: WARNING/Beat] Action delete
[2015-10-08 12:42:46,206: WARNING/Beat] Action delete
[2015-10-08 12:42:56,209: WARNING/Beat] Action delete
[2015-10-08 12:43:06,213: WARNING/Beat] Action delete
[2015-10-08 12:43:16,214: WARNING/Beat] Action delete
[2015-10-08 12:43:26,221: WARNING/Beat] Action delete
[2015-10-08 12:43:36,221: WARNING/Beat] Action delete
[2015-10-08 12:43:46,224: WARNING/Beat] Action delete
[2015-10-08 12:43:56,227: WARNING/Beat] Action delete
[2015-10-08 12:44:06,229: WARNING/Beat] Action delete
[2015-10-08 12:44:16,230: WARNING/Beat] Action delete
[2015-10-08 12:44:26,230: WARNING/Beat] Action delete
[2015-10-08 12:44:36,233: WARNING/Beat] Action delete
[2015-10-08 12:44:46,236: WARNING/Beat] Action delete
[2015-10-08 12:44:56,239: WARNING/Beat] Action delete
[2015-10-08 12:45:06,242: WARNING/Beat] Action delete
[2015-10-08 12:45:16,246: WARNING/Beat] Action delete
[2015-10-08 12:45:26,303: WARNING/Beat] Action delete
[2015-10-08 12:45:36,306: WARNING/Beat] Action delete
[2015-10-08 12:45:46,307: WARNING/Beat] Action delete
[2015-10-08 12:45:56,309: WARNING/Beat] Action delete
[2015-10-08 12:46:06,310: WARNING/Beat] Action delete
[2015-10-08 12:46:16,313: WARNING/Beat] Action delete
[2015-10-08 12:46:26,317: WARNING/Beat] Action delete
[2015-10-08 12:46:36,319: WARNING/Beat] Action delete
[2015-10-08 12:46:46,323: WARNING/Beat] Action delete
[2015-10-08 12:46:56,327: WARNING/Beat] Action delete
[2015-10-08 12:47:06,329: WARNING/Beat] Action delete
[2015-10-08 12:47:16,329: WARNING/Beat] Action delete
[2015-10-08 12:47:26,330: WARNING/Beat] Action delete
[2015-10-08 12:47:36,333: WARNING/Beat] Action delete
[2015-10-08 12:47:46,333: WARNING/Beat] Action delete
[2015-10-08 12:47:56,336: WARNING/Beat] Action delete
[2015-10-08 12:48:06,339: WARNING/Beat] Action delete
[2015-10-08 12:48:16,339: WARNING/Beat] Action delete
[2015-10-08 12:48:26,384: WARNING/Beat] Action delete
[2015-10-08 12:48:36,384: WARNING/Beat] Action delete
[2015-10-08 12:48:46,385: WARNING/Beat] Action delete
[2015-10-08 12:48:56,385: WARNING/Beat] Action delete
[2015-10-08 12:49:06,387: WARNING/Beat] Action delete
[2015-10-08 12:49:16,389: WARNING/Beat] Action delete
[2015-10-08 12:49:26,391: WARNING/Beat] Action delete
[2015-10-08 12:49:36,394: WARNING/Beat] Action delete
[2015-10-08 12:49:46,396: WARNING/Beat] Action delete
[2015-10-08 12:49:56,397: WARNING/Beat] Action delete
[2015-10-08 12:50:06,398: WARNING/Beat] Action delete
[2015-10-08 12:50:16,399: WARNING/Beat] Action delete
[2015-10-08 12:50:26,402: WARNING/Beat] Action delete
[2015-10-08 12:50:36,402: WARNING/Beat] Action delete
[2015-10-08 12:50:46,405: WARNING/Beat] Action delete
[2015-10-08 12:50:56,409: WARNING/Beat] Action delete
[2015-10-08 12:51:06,409: WARNING/Beat] Action delete
[2015-10-08 12:51:16,411: WARNING/Beat] Action delete
[2015-10-08 12:51:26,476: WARNING/Beat] Action delete
[2015-10-08 12:51:36,477: WARNING/Beat] Action delete
[2015-10-08 12:51:46,478: WARNING/Beat] Action delete
[2015-10-08 12:51:56,479: WARNING/Beat] Action delete
[2015-10-08 12:52:06,481: WARNING/Beat] Action delete
[2015-10-08 12:52:16,483: WARNING/Beat] Action delete
[2015-10-08 12:52:26,484: WARNING/Beat] Action delete
[2015-10-08 12:52:36,486: WARNING/Beat] Action delete
[2015-10-08 12:52:46,487: WARNING/Beat] Action delete
[2015-10-08 12:52:56,487: WARNING/Beat] Action delete
[2015-10-08 12:53:06,487: WARNING/Beat] Action delete
[2015-10-08 12:53:16,491: WARNING/Beat] Action delete
[2015-10-08 12:53:26,494: WARNING/Beat] Action delete
[2015-10-08 12:53:36,495: WARNING/Beat] Action delete
[2015-10-08 12:53:46,496: WARNING/Beat] Action delete
[2015-10-08 12:53:56,496: WARNING/Beat] Action delete
[2015-10-08 12:54:06,498: WARNING/Beat] Action delete
[2015-10-08 12:54:16,499: WARNING/Beat] Action delete
[2015-10-08 12:54:26,546: WARNING/Beat] Action delete
[2015-10-08 12:54:36,548: WARNING/Beat] Action delete
[2015-10-08 12:54:46,549: WARNING/Beat] Action delete
[2015-10-08 12:54:56,551: WARNING/Beat] Action delete
[2015-10-08 12:55:06,555: WARNING/Beat] Action delete
[2015-10-08 12:55:16,555: WARNING/Beat] Action delete
[2015-10-08 12:55:26,556: WARNING/Beat] Action delete
[2015-10-08 12:55:36,556: WARNING/Beat] Action delete
[2015-10-08 12:55:46,559: WARNING/Beat] Action delete
[2015-10-08 12:55:56,559: WARNING/Beat] Action delete
[2015-10-08 12:56:06,562: WARNING/Beat] Action delete
[2015-10-08 12:56:16,562: WARNING/Beat] Action delete
[2015-10-08 12:56:26,563: WARNING/Beat] Action delete
[2015-10-08 12:56:36,565: WARNING/Beat] Action delete
[2015-10-08 12:56:46,568: WARNING/Beat] Action delete
[2015-10-08 12:56:56,570: WARNING/Beat] Action delete
[2015-10-08 12:57:06,573: WARNING/Beat] Action delete
[2015-10-08 12:57:16,574: WARNING/Beat] Action delete
[2015-10-08 12:57:26,612: WARNING/Beat] Action delete
[2015-10-08 12:57:36,613: WARNING/Beat] Action delete
[2015-10-08 12:57:46,613: WARNING/Beat] Action delete
[2015-10-08 12:57:56,614: WARNING/Beat] Action delete
[2015-10-08 12:58:06,617: WARNING/Beat] Action delete
[2015-10-08 12:58:16,621: WARNING/Beat] Action delete
[2015-10-08 12:58:26,624: WARNING/Beat] Action delete
[2015-10-08 12:58:36,626: WARNING/Beat] Action delete
[2015-10-08 12:58:46,626: WARNING/Beat] Action delete
[2015-10-08 12:58:56,626: WARNING/Beat] Action delete
[2015-10-08 12:59:06,630: WARNING/Beat] Action delete
[2015-10-08 12:59:16,632: WARNING/Beat] Action delete
[2015-10-08 12:59:26,636: WARNING/Beat] Action delete
[2015-10-08 12:59:36,640: WARNING/Beat] Action delete
[2015-10-08 12:59:46,645: WARNING/Beat] Action delete
[2015-10-08 12:59:56,649: WARNING/Beat] Action delete
[2015-10-08 13:00:06,651: WARNING/Beat] Action delete
[2015-10-08 13:00:16,651: WARNING/Beat] Action delete
[2015-10-08 13:00:26,697: WARNING/Beat] Action delete
[2015-10-08 13:00:36,699: WARNING/Beat] Action delete
[2015-10-08 13:00:46,703: WARNING/Beat] Action delete
[2015-10-08 13:00:56,706: WARNING/Beat] Action delete
[2015-10-08 13:01:06,708: WARNING/Beat] Action delete
[2015-10-08 13:01:16,709: WARNING/Beat] Action delete
[2015-10-08 13:01:26,711: WARNING/Beat] Action delete
[2015-10-08 13:01:36,714: WARNING/Beat] Action delete
[2015-10-08 13:01:46,715: WARNING/Beat] Action delete
[2015-10-08 13:01:56,716: WARNING/Beat] Action delete
[2015-10-08 13:02:06,717: WARNING/Beat] Action delete
[2015-10-08 13:02:16,718: WARNING/Beat] Action delete
[2015-10-08 13:02:26,719: WARNING/Beat] Action delete
[2015-10-08 13:02:36,722: WARNING/Beat] Action delete
[2015-10-08 13:02:46,724: WARNING/Beat] Action delete
[2015-10-08 13:02:56,728: WARNING/Beat] Action delete
[2015-10-08 13:03:06,730: WARNING/Beat] Action delete
[2015-10-08 13:03:16,730: WARNING/Beat] Action delete
[2015-10-08 13:03:26,788: WARNING/Beat] Action delete
[2015-10-08 13:03:36,791: WARNING/Beat] Action delete
[2015-10-08 13:03:46,792: WARNING/Beat] Action delete
[2015-10-08 13:03:56,795: WARNING/Beat] Action delete
[2015-10-08 13:04:06,796: WARNING/Beat] Action delete
[2015-10-08 13:04:16,796: WARNING/Beat] Action delete
[2015-10-08 13:04:26,798: WARNING/Beat] Action delete
[2015-10-08 13:04:36,799: WARNING/Beat] Action delete
[2015-10-08 13:04:46,800: WARNING/Beat] Action delete
[2015-10-08 13:04:56,803: WARNING/Beat] Action delete
[2015-10-08 13:05:06,806: WARNING/Beat] Action delete
[2015-10-08 13:05:16,809: WARNING/Beat] Action delete
[2015-10-08 13:05:26,813: WARNING/Beat] Action delete
[2015-10-08 13:05:36,814: WARNING/Beat] Action delete
[2015-10-08 13:05:46,814: WARNING/Beat] Action delete
[2015-10-08 13:05:56,815: WARNING/Beat] Action delete
[2015-10-08 13:06:06,819: WARNING/Beat] Action delete
[2015-10-08 13:06:16,823: WARNING/Beat] Action delete
[2015-10-08 13:06:26,868: WARNING/Beat] Action delete
[2015-10-08 13:06:36,868: WARNING/Beat] Action delete
[2015-10-08 13:06:46,869: WARNING/Beat] Action delete
[2015-10-08 13:06:56,871: WARNING/Beat] Action delete
[2015-10-08 13:07:06,872: WARNING/Beat] Action delete
[2015-10-08 13:07:16,875: WARNING/Beat] Action delete
[2015-10-08 13:07:26,878: WARNING/Beat] Action delete
[2015-10-08 13:07:36,880: WARNING/Beat] Action delete
[2015-10-08 13:07:46,881: WARNING/Beat] Action delete
[2015-10-08 13:07:56,882: WARNING/Beat] Action delete
[2015-10-08 13:08:06,886: WARNING/Beat] Action delete
[2015-10-08 13:08:16,888: WARNING/Beat] Action delete
[2015-10-08 13:08:26,890: WARNING/Beat] Action delete
[2015-10-08 13:08:36,891: WARNING/Beat] Action delete
[2015-10-08 13:08:46,895: WARNING/Beat] Action delete
[2015-10-08 13:08:56,898: WARNING/Beat] Action delete
[2015-10-08 13:09:06,902: WARNING/Beat] Action delete
[2015-10-08 13:09:16,903: WARNING/Beat] Action delete
[2015-10-08 13:09:26,953: WARNING/Beat] Action delete
[2015-10-08 13:09:36,953: WARNING/Beat] Action delete
[2015-10-08 13:09:46,954: WARNING/Beat] Action delete
[2015-10-08 13:09:56,956: WARNING/Beat] Action delete
[2015-10-08 13:10:06,959: WARNING/Beat] Action delete
[2015-10-08 13:10:16,963: WARNING/Beat] Action delete
[2015-10-08 13:10:26,963: WARNING/Beat] Action delete
[2015-10-08 13:10:36,963: WARNING/Beat] Action delete
[2015-10-08 13:10:46,965: WARNING/Beat] Action delete
[2015-10-08 13:10:56,966: WARNING/Beat] Action delete
[2015-10-08 13:11:06,968: WARNING/Beat] Action delete
[2015-10-08 13:11:16,971: WARNING/Beat] Action delete
[2015-10-08 13:11:26,973: WARNING/Beat] Action delete
[2015-10-08 13:11:36,973: WARNING/Beat] Action delete
[2015-10-08 13:11:46,977: WARNING/Beat] Action delete
[2015-10-08 13:11:56,979: WARNING/Beat] Action delete
[2015-10-08 13:12:06,981: WARNING/Beat] Action delete
[2015-10-08 13:12:16,985: WARNING/Beat] Action delete
[2015-10-08 13:12:27,034: WARNING/Beat] Action delete
[2015-10-08 13:12:37,036: WARNING/Beat] Action delete
[2015-10-08 13:12:47,037: WARNING/Beat] Action delete
[2015-10-08 13:12:57,039: WARNING/Beat] Action delete
[2015-10-08 13:13:07,039: WARNING/Beat] Action delete
[2015-10-08 13:13:17,040: WARNING/Beat] Action delete
[2015-10-08 13:13:27,044: WARNING/Beat] Action delete
[2015-10-08 13:13:37,046: WARNING/Beat] Action delete
[2015-10-08 13:13:47,046: WARNING/Beat] Action delete
[2015-10-08 13:13:57,049: WARNING/Beat] Action delete
[2015-10-08 13:14:07,052: WARNING/Beat] Action delete
[2015-10-08 13:14:17,055: WARNING/Beat] Action delete
[2015-10-08 13:14:27,056: WARNING/Beat] Action delete
[2015-10-08 13:14:37,058: WARNING/Beat] Action delete
[2015-10-08 13:14:47,060: WARNING/Beat] Action delete
[2015-10-08 13:14:57,062: WARNING/Beat] Action delete
[2015-10-08 13:15:07,062: WARNING/Beat] Action delete
[2015-10-08 13:15:17,064: WARNING/Beat] Action delete
[2015-10-08 13:15:27,107: WARNING/Beat] Action delete
[2015-10-08 13:15:37,109: WARNING/Beat] Action delete
[2015-10-08 13:15:47,112: WARNING/Beat] Action delete
[2015-10-08 13:15:57,116: WARNING/Beat] Action delete
[2015-10-08 13:16:07,116: WARNING/Beat] Action delete
[2015-10-08 13:16:17,116: WARNING/Beat] Action delete
[2015-10-08 13:16:27,119: WARNING/Beat] Action delete
[2015-10-08 13:16:37,122: WARNING/Beat] Action delete
[2015-10-08 13:16:47,125: WARNING/Beat] Action delete
[2015-10-08 13:16:57,127: WARNING/Beat] Action delete
[2015-10-08 13:17:07,131: WARNING/Beat] Action delete
[2015-10-08 13:17:17,132: WARNING/Beat] Action delete
[2015-10-08 13:17:27,133: WARNING/Beat] Action delete
[2015-10-08 13:17:37,135: WARNING/Beat] Action delete
[2015-10-08 13:17:47,135: WARNING/Beat] Action delete
[2015-10-08 13:17:57,137: WARNING/Beat] Action delete
[2015-10-08 13:18:07,139: WARNING/Beat] Action delete
[2015-10-08 13:18:17,139: WARNING/Beat] Action delete
[2015-10-08 13:18:27,195: WARNING/Beat] Action delete
[2015-10-08 13:18:37,198: WARNING/Beat] Action delete
[2015-10-08 13:18:47,200: WARNING/Beat] Action delete
[2015-10-08 13:18:57,202: WARNING/Beat] Action delete
[2015-10-08 13:19:07,204: WARNING/Beat] Action delete
[2015-10-08 13:19:17,204: WARNING/Beat] Action delete
[2015-10-08 13:19:27,205: WARNING/Beat] Action delete
[2015-10-08 13:19:37,207: WARNING/Beat] Action delete
[2015-10-08 13:19:47,210: WARNING/Beat] Action delete
[2015-10-08 13:19:57,212: WARNING/Beat] Action delete
[2015-10-08 13:20:07,216: WARNING/Beat] Action delete
[2015-10-08 13:20:17,219: WARNING/Beat] Action delete
[2015-10-08 13:20:27,220: WARNING/Beat] Action delete
[2015-10-08 13:20:37,222: WARNING/Beat] Action delete
[2015-10-08 13:20:47,224: WARNING/Beat] Action delete
[2015-10-08 13:20:57,224: WARNING/Beat] Action delete
[2015-10-08 13:21:07,226: WARNING/Beat] Action delete
[2015-10-08 13:21:17,229: WARNING/Beat] Action delete
[2015-10-08 13:21:27,280: WARNING/Beat] Action delete
[2015-10-08 13:21:37,280: WARNING/Beat] Action delete
[2015-10-08 13:21:47,283: WARNING/Beat] Action delete
[2015-10-08 13:21:57,286: WARNING/Beat] Action delete
[2015-10-08 13:22:07,287: WARNING/Beat] Action delete
[2015-10-08 13:22:17,287: WARNING/Beat] Action delete
[2015-10-08 13:22:27,291: WARNING/Beat] Action delete
[2015-10-08 13:22:37,293: WARNING/Beat] Action delete
[2015-10-08 13:22:47,296: WARNING/Beat] Action delete
[2015-10-08 13:22:57,297: WARNING/Beat] Action delete
[2015-10-08 13:23:07,298: WARNING/Beat] Action delete
[2015-10-08 13:23:17,300: WARNING/Beat] Action delete
[2015-10-08 13:23:27,302: WARNING/Beat] Action delete
[2015-10-08 13:23:37,302: WARNING/Beat] Action delete
[2015-10-08 13:23:47,305: WARNING/Beat] Action delete
[2015-10-08 13:23:57,306: WARNING/Beat] Action delete
[2015-10-08 13:24:07,307: WARNING/Beat] Action delete
[2015-10-08 13:24:17,308: WARNING/Beat] Action delete
[2015-10-08 13:24:27,362: WARNING/Beat] Action delete
[2015-10-08 13:24:37,363: WARNING/Beat] Action delete
[2015-10-08 13:24:47,365: WARNING/Beat] Action delete
[2015-10-08 13:24:57,368: WARNING/Beat] Action delete
[2015-10-08 13:25:07,368: WARNING/Beat] Action delete
[2015-10-08 13:25:17,369: WARNING/Beat] Action delete
[2015-10-08 13:25:27,371: WARNING/Beat] Action delete
[2015-10-08 13:25:37,371: WARNING/Beat] Action delete
[2015-10-08 13:25:47,371: WARNING/Beat] Action delete
[2015-10-08 13:25:57,372: WARNING/Beat] Action delete
[2015-10-08 13:26:07,374: WARNING/Beat] Action delete
[2015-10-08 13:26:17,375: WARNING/Beat] Action delete
[2015-10-08 13:26:27,378: WARNING/Beat] Action delete
[2015-10-08 13:26:37,380: WARNING/Beat] Action delete
[2015-10-08 13:26:47,380: WARNING/Beat] Action delete
[2015-10-08 13:26:57,381: WARNING/Beat] Action delete
[2015-10-08 13:27:07,382: WARNING/Beat] Action delete
[2015-10-08 13:27:17,385: WARNING/Beat] Action delete
[2015-10-08 13:27:27,443: WARNING/Beat] Action delete
[2015-10-08 13:27:37,445: WARNING/Beat] Action delete
[2015-10-08 13:27:47,445: WARNING/Beat] Action delete
[2015-10-08 13:27:57,446: WARNING/Beat] Action delete
[2015-10-08 13:28:07,447: WARNING/Beat] Action delete
[2015-10-08 13:28:17,452: WARNING/Beat] Action delete
[2015-10-08 13:28:27,455: WARNING/Beat] Action delete
[2015-10-08 13:28:37,458: WARNING/Beat] Action delete
[2015-10-08 13:28:47,460: WARNING/Beat] Action delete
[2015-10-08 13:28:57,463: WARNING/Beat] Action delete
[2015-10-08 13:29:07,467: WARNING/Beat] Action delete
[2015-10-08 13:29:17,470: WARNING/Beat] Action delete
[2015-10-08 13:29:27,473: WARNING/Beat] Action delete
[2015-10-08 13:29:37,476: WARNING/Beat] Action delete
[2015-10-08 13:29:47,477: WARNING/Beat] Action delete
[2015-10-08 13:29:57,479: WARNING/Beat] Action delete
[2015-10-08 13:30:07,483: WARNING/Beat] Action delete
[2015-10-08 13:30:17,486: WARNING/Beat] Action delete
[2015-10-08 13:30:27,561: WARNING/Beat] Action delete
[2015-10-08 13:30:37,562: WARNING/Beat] Action delete
[2015-10-08 13:30:47,562: WARNING/Beat] Action delete
[2015-10-08 13:30:57,564: WARNING/Beat] Action delete
[2015-10-08 13:31:07,566: WARNING/Beat] Action delete
[2015-10-08 13:31:17,568: WARNING/Beat] Action delete
[2015-10-08 13:31:27,571: WARNING/Beat] Action delete
[2015-10-08 13:31:37,574: WARNING/Beat] Action delete
[2015-10-08 13:31:47,575: WARNING/Beat] Action delete
[2015-10-08 13:31:57,578: WARNING/Beat] Action delete
[2015-10-08 13:32:07,579: WARNING/Beat] Action delete
[2015-10-08 13:32:17,580: WARNING/Beat] Action delete
[2015-10-08 13:32:27,579: WARNING/Beat] Action delete
[2015-10-08 13:32:37,581: WARNING/Beat] Action delete
[2015-10-08 13:32:47,583: WARNING/Beat] Action delete
[2015-10-08 13:32:57,583: WARNING/Beat] Action delete
[2015-10-08 13:33:07,586: WARNING/Beat] Action delete
[2015-10-08 13:33:17,589: WARNING/Beat] Action delete
[2015-10-08 13:33:27,644: WARNING/Beat] Action delete
[2015-10-08 13:33:37,644: WARNING/Beat] Action delete
[2015-10-08 13:33:47,647: WARNING/Beat] Action delete
[2015-10-08 13:33:57,651: WARNING/Beat] Action delete
[2015-10-08 13:34:07,654: WARNING/Beat] Action delete
[2015-10-08 13:34:17,654: WARNING/Beat] Action delete
[2015-10-08 13:34:27,657: WARNING/Beat] Action delete
[2015-10-08 13:34:37,658: WARNING/Beat] Action delete
[2015-10-08 13:34:47,661: WARNING/Beat] Action delete
[2015-10-08 13:34:57,662: WARNING/Beat] Action delete
[2015-10-08 13:35:07,664: WARNING/Beat] Action delete
[2015-10-08 13:35:17,666: WARNING/Beat] Action delete
[2015-10-08 13:35:27,667: WARNING/Beat] Action delete
[2015-10-08 13:35:37,668: WARNING/Beat] Action delete
[2015-10-08 13:35:47,668: WARNING/Beat] Action delete
[2015-10-08 13:35:57,671: WARNING/Beat] Action delete
[2015-10-08 13:36:07,674: WARNING/Beat] Action delete
[2015-10-08 13:36:17,675: WARNING/Beat] Action delete
[2015-10-08 13:36:27,722: WARNING/Beat] Action delete
[2015-10-08 13:36:37,723: WARNING/Beat] Action delete
[2015-10-08 13:36:47,725: WARNING/Beat] Action delete
[2015-10-08 13:36:57,725: WARNING/Beat] Action delete
[2015-10-08 13:37:07,725: WARNING/Beat] Action delete
[2015-10-08 13:37:17,727: WARNING/Beat] Action delete
[2015-10-08 13:37:27,727: WARNING/Beat] Action delete
[2015-10-08 13:37:37,729: WARNING/Beat] Action delete
[2015-10-08 13:37:47,731: WARNING/Beat] Action delete
[2015-10-08 13:37:57,734: WARNING/Beat] Action delete
[2015-10-08 13:38:07,734: WARNING/Beat] Action delete
[2015-10-08 13:38:17,736: WARNING/Beat] Action delete
[2015-10-08 13:38:27,741: WARNING/Beat] Action delete
[2015-10-08 13:38:37,742: WARNING/Beat] Action delete
[2015-10-08 13:38:47,746: WARNING/Beat] Action delete
[2015-10-08 13:38:57,747: WARNING/Beat] Action delete
[2015-10-08 13:39:07,749: WARNING/Beat] Action delete
[2015-10-08 13:39:17,751: WARNING/Beat] Action delete
[2015-10-08 13:39:27,810: WARNING/Beat] Action delete
[2015-10-08 13:39:37,811: WARNING/Beat] Action delete
[2015-10-08 13:39:47,812: WARNING/Beat] Action delete
[2015-10-08 13:39:57,816: WARNING/Beat] Action delete
[2015-10-08 13:40:07,819: WARNING/Beat] Action delete
[2015-10-08 13:40:17,820: WARNING/Beat] Action delete
[2015-10-08 13:40:27,822: WARNING/Beat] Action delete
[2015-10-08 13:40:37,824: WARNING/Beat] Action delete
[2015-10-08 13:40:47,825: WARNING/Beat] Action delete
[2015-10-08 13:40:57,826: WARNING/Beat] Action delete
[2015-10-08 13:41:07,828: WARNING/Beat] Action delete
[2015-10-08 13:41:17,832: WARNING/Beat] Action delete
[2015-10-08 13:41:27,833: WARNING/Beat] Action delete
[2015-10-08 13:41:37,834: WARNING/Beat] Action delete
[2015-10-08 13:41:47,836: WARNING/Beat] Action delete
[2015-10-08 13:41:57,837: WARNING/Beat] Action delete
[2015-10-08 13:42:07,840: WARNING/Beat] Action delete
[2015-10-08 13:42:17,844: WARNING/Beat] Action delete
[2015-10-08 13:42:27,901: WARNING/Beat] Action delete
[2015-10-08 13:42:37,904: WARNING/Beat] Action delete
[2015-10-08 13:42:47,906: WARNING/Beat] Action delete
[2015-10-08 13:42:57,907: WARNING/Beat] Action delete
[2015-10-08 13:43:07,911: WARNING/Beat] Action delete
[2015-10-08 13:43:17,914: WARNING/Beat] Action delete
[2015-10-08 13:43:27,915: WARNING/Beat] Action delete
[2015-10-08 13:43:37,916: WARNING/Beat] Action delete
[2015-10-08 13:43:47,918: WARNING/Beat] Action delete
[2015-10-08 13:43:57,922: WARNING/Beat] Action delete
[2015-10-08 13:44:07,923: WARNING/Beat] Action delete
[2015-10-08 13:44:17,923: WARNING/Beat] Action delete
[2015-10-08 13:44:27,926: WARNING/Beat] Action delete
[2015-10-08 13:44:37,927: WARNING/Beat] Action delete
[2015-10-08 13:44:47,929: WARNING/Beat] Action delete
[2015-10-08 13:44:57,930: WARNING/Beat] Action delete
[2015-10-08 13:45:07,934: WARNING/Beat] Action delete
[2015-10-08 13:45:17,938: WARNING/Beat] Action delete
[2015-10-08 13:45:27,991: WARNING/Beat] Action delete
[2015-10-08 13:45:37,996: WARNING/Beat] Action delete
[2015-10-08 13:45:47,996: WARNING/Beat] Action delete
[2015-10-08 13:45:57,998: WARNING/Beat] Action delete
[2015-10-08 13:46:07,999: WARNING/Beat] Action delete
[2015-10-08 13:46:18,002: WARNING/Beat] Action delete
[2015-10-08 13:46:28,004: WARNING/Beat] Action delete
[2015-10-08 13:46:38,007: WARNING/Beat] Action delete
[2015-10-08 13:46:48,007: WARNING/Beat] Action delete
[2015-10-08 13:46:58,007: WARNING/Beat] Action delete
[2015-10-08 13:47:08,010: WARNING/Beat] Action delete
[2015-10-08 13:47:18,011: WARNING/Beat] Action delete
[2015-10-08 13:47:28,014: WARNING/Beat] Action delete
[2015-10-08 13:47:38,018: WARNING/Beat] Action delete
[2015-10-08 13:47:48,019: WARNING/Beat] Action delete
[2015-10-08 13:47:58,020: WARNING/Beat] Action delete
[2015-10-08 13:48:08,022: WARNING/Beat] Action delete
[2015-10-08 13:48:18,022: WARNING/Beat] Action delete
[2015-10-08 13:48:28,067: WARNING/Beat] Action delete
[2015-10-08 13:48:38,069: WARNING/Beat] Action delete
[2015-10-08 13:48:48,070: WARNING/Beat] Action delete
[2015-10-08 13:48:58,074: WARNING/Beat] Action delete
[2015-10-08 13:49:08,074: WARNING/Beat] Action delete
[2015-10-08 13:49:18,074: WARNING/Beat] Action delete
[2015-10-08 13:49:28,077: WARNING/Beat] Action delete
[2015-10-08 13:49:38,081: WARNING/Beat] Action delete
[2015-10-08 13:49:48,081: WARNING/Beat] Action delete
[2015-10-08 13:49:58,086: WARNING/Beat] Action delete
[2015-10-08 13:50:08,089: WARNING/Beat] Action delete
[2015-10-08 13:50:18,092: WARNING/Beat] Action delete
[2015-10-08 13:50:28,092: WARNING/Beat] Action delete
[2015-10-08 13:50:38,097: WARNING/Beat] Action delete
[2015-10-08 13:50:48,097: WARNING/Beat] Action delete
[2015-10-08 13:50:58,100: WARNING/Beat] Action delete
[2015-10-08 13:51:08,104: WARNING/Beat] Action delete
[2015-10-08 13:51:18,106: WARNING/Beat] Action delete
[2015-10-08 13:51:28,175: WARNING/Beat] Action delete
[2015-10-08 13:51:38,177: WARNING/Beat] Action delete
[2015-10-08 13:51:48,179: WARNING/Beat] Action delete
[2015-10-08 13:51:58,182: WARNING/Beat] Action delete
[2015-10-08 13:52:08,186: WARNING/Beat] Action delete
[2015-10-08 13:52:18,188: WARNING/Beat] Action delete
[2015-10-08 13:52:28,192: WARNING/Beat] Action delete
[2015-10-08 13:52:38,196: WARNING/Beat] Action delete
[2015-10-08 13:52:48,197: WARNING/Beat] Action delete
[2015-10-08 13:52:58,201: WARNING/Beat] Action delete
[2015-10-08 13:53:08,202: WARNING/Beat] Action delete
[2015-10-08 13:53:18,204: WARNING/Beat] Action delete
[2015-10-08 13:53:28,207: WARNING/Beat] Action delete
[2015-10-08 13:53:38,211: WARNING/Beat] Action delete
[2015-10-08 13:53:48,214: WARNING/Beat] Action delete
[2015-10-08 13:53:58,217: WARNING/Beat] Action delete
[2015-10-08 13:54:08,219: WARNING/Beat] Action delete
[2015-10-08 13:54:18,222: WARNING/Beat] Action delete
[2015-10-08 13:54:28,278: WARNING/Beat] Action delete
[2015-10-08 13:54:38,282: WARNING/Beat] Action delete
[2015-10-08 13:54:48,284: WARNING/Beat] Action delete
[2015-10-08 13:54:58,288: WARNING/Beat] Action delete
[2015-10-08 13:55:08,292: WARNING/Beat] Action delete
[2015-10-08 13:55:18,297: WARNING/Beat] Action delete
[2015-10-08 13:55:28,297: WARNING/Beat] Action delete
[2015-10-08 13:55:38,301: WARNING/Beat] Action delete
[2015-10-08 13:55:48,302: WARNING/Beat] Action delete
[2015-10-08 13:55:58,305: WARNING/Beat] Action delete
[2015-10-08 13:56:08,306: WARNING/Beat] Action delete
[2015-10-08 13:56:18,308: WARNING/Beat] Action delete
[2015-10-08 13:56:28,310: WARNING/Beat] Action delete
[2015-10-08 13:56:38,310: WARNING/Beat] Action delete
[2015-10-08 13:56:48,311: WARNING/Beat] Action delete
[2015-10-08 13:56:58,311: WARNING/Beat] Action delete
[2015-10-08 13:57:08,312: WARNING/Beat] Action delete
[2015-10-08 13:57:18,316: WARNING/Beat] Action delete
[2015-10-08 13:57:28,375: WARNING/Beat] Action delete
[2015-10-08 13:57:38,378: WARNING/Beat] Action delete
[2015-10-08 13:57:48,380: WARNING/Beat] Action delete
[2015-10-08 13:57:58,380: WARNING/Beat] Action delete
[2015-10-08 13:58:08,381: WARNING/Beat] Action delete
[2015-10-08 13:58:18,385: WARNING/Beat] Action delete
[2015-10-08 13:58:28,388: WARNING/Beat] Action delete
[2015-10-08 13:58:38,389: WARNING/Beat] Action delete
[2015-10-08 13:58:48,391: WARNING/Beat] Action delete
[2015-10-08 13:58:58,394: WARNING/Beat] Action delete
[2015-10-08 13:59:08,397: WARNING/Beat] Action delete
[2015-10-08 13:59:18,401: WARNING/Beat] Action delete
[2015-10-08 13:59:28,403: WARNING/Beat] Action delete
[2015-10-08 13:59:38,403: WARNING/Beat] Action delete
[2015-10-08 13:59:48,404: WARNING/Beat] Action delete
[2015-10-08 13:59:58,405: WARNING/Beat] Action delete
[2015-10-08 14:00:08,406: WARNING/Beat] Action delete
[2015-10-08 14:00:18,409: WARNING/Beat] Action delete
[2015-10-08 14:00:28,447: WARNING/Beat] Action delete
[2015-10-08 14:00:38,447: WARNING/Beat] Action delete
[2015-10-08 14:00:48,451: WARNING/Beat] Action delete
[2015-10-08 14:00:58,451: WARNING/Beat] Action delete
[2015-10-08 14:01:08,451: WARNING/Beat] Action delete
[2015-10-08 14:01:18,452: WARNING/Beat] Action delete
[2015-10-08 14:01:28,454: WARNING/Beat] Action delete
[2015-10-08 14:01:38,457: WARNING/Beat] Action delete
[2015-10-08 14:01:48,459: WARNING/Beat] Action delete
[2015-10-08 14:01:58,461: WARNING/Beat] Action delete
[2015-10-08 14:02:08,464: WARNING/Beat] Action delete
[2015-10-08 14:02:18,466: WARNING/Beat] Action delete
[2015-10-08 14:02:28,468: WARNING/Beat] Action delete
[2015-10-08 14:02:38,471: WARNING/Beat] Action delete
[2015-10-08 14:02:48,475: WARNING/Beat] Action delete
[2015-10-08 14:02:58,479: WARNING/Beat] Action delete
[2015-10-08 14:03:08,482: WARNING/Beat] Action delete
[2015-10-08 14:03:18,484: WARNING/Beat] Action delete
[2015-10-08 14:03:28,529: WARNING/Beat] Action delete
[2015-10-08 14:03:38,529: WARNING/Beat] Action delete
[2015-10-08 14:03:48,530: WARNING/Beat] Action delete
[2015-10-08 14:03:58,532: WARNING/Beat] Action delete
[2015-10-08 14:04:08,536: WARNING/Beat] Action delete
[2015-10-08 14:04:18,539: WARNING/Beat] Action delete
[2015-10-08 14:04:28,540: WARNING/Beat] Action delete
[2015-10-08 14:04:38,543: WARNING/Beat] Action delete
[2015-10-08 14:04:48,543: WARNING/Beat] Action delete
[2015-10-08 14:04:58,547: WARNING/Beat] Action delete
[2015-10-08 14:05:08,549: WARNING/Beat] Action delete
[2015-10-08 14:05:18,553: WARNING/Beat] Action delete
[2015-10-08 14:05:28,555: WARNING/Beat] Action delete
[2015-10-08 14:05:38,559: WARNING/Beat] Action delete
[2015-10-08 14:05:48,561: WARNING/Beat] Action delete
[2015-10-08 14:05:58,562: WARNING/Beat] Action delete
[2015-10-08 14:06:08,563: WARNING/Beat] Action delete
[2015-10-08 14:06:18,726: WARNING/Beat] Action delete
[2015-10-08 14:06:28,800: WARNING/Beat] Action delete
[2015-10-08 14:06:38,803: WARNING/Beat] Action delete
[2015-10-08 14:06:48,807: WARNING/Beat] Action delete
[2015-10-08 14:06:58,808: WARNING/Beat] Action delete
[2015-10-08 14:07:08,809: WARNING/Beat] Action delete
[2015-10-08 14:07:18,810: WARNING/Beat] Action delete
[2015-10-08 14:07:28,814: WARNING/Beat] Action delete
[2015-10-08 14:07:38,817: WARNING/Beat] Action delete
[2015-10-08 14:07:48,818: WARNING/Beat] Action delete
[2015-10-08 14:07:58,818: WARNING/Beat] Action delete
[2015-10-08 14:08:08,820: WARNING/Beat] Action delete
[2015-10-08 14:08:18,821: WARNING/Beat] Action delete
[2015-10-08 14:08:28,824: WARNING/Beat] Action delete
[2015-10-08 14:08:38,825: WARNING/Beat] Action delete
[2015-10-08 14:08:48,827: WARNING/Beat] Action delete
[2015-10-08 14:08:58,830: WARNING/Beat] Action delete
[2015-10-08 14:09:08,830: WARNING/Beat] Action delete
[2015-10-08 14:09:18,830: WARNING/Beat] Action delete
[2015-10-08 14:09:29,031: WARNING/Beat] Action delete
[2015-10-08 14:09:39,031: WARNING/Beat] Action delete
[2015-10-08 14:09:49,032: WARNING/Beat] Action delete
[2015-10-08 14:09:59,034: WARNING/Beat] Action delete
[2015-10-08 14:10:09,037: WARNING/Beat] Action delete
[2015-10-08 14:10:19,038: WARNING/Beat] Action delete
[2015-10-08 14:10:29,040: WARNING/Beat] Action delete
[2015-10-08 14:10:39,043: WARNING/Beat] Action delete
[2015-10-08 14:10:49,047: WARNING/Beat] Action delete
[2015-10-08 14:10:59,192: WARNING/Beat] Action delete
[2015-10-08 14:11:09,194: WARNING/Beat] Action delete
[2015-10-08 14:11:19,195: WARNING/Beat] Action delete
[2015-10-08 14:11:29,198: WARNING/Beat] Action delete
[2015-10-08 14:11:39,202: WARNING/Beat] Action delete
[2015-10-08 14:11:49,203: WARNING/Beat] Action delete
[2015-10-08 14:11:59,208: WARNING/Beat] Action delete
[2015-10-08 14:12:09,211: WARNING/Beat] Action delete
[2015-10-08 14:12:19,213: WARNING/Beat] Action delete
[2015-10-08 14:12:29,262: WARNING/Beat] Action delete
[2015-10-08 14:12:39,265: WARNING/Beat] Action delete
[2015-10-08 14:12:49,267: WARNING/Beat] Action delete
[2015-10-08 14:12:59,268: WARNING/Beat] Action delete
[2015-10-08 14:13:09,270: WARNING/Beat] Action delete
[2015-10-08 14:13:16,663: WARNING/MainProcess] consumer: Connection to broker lost. Trying to re-establish the connection...
Traceback (most recent call last):
  File "/home/user/.virtualenvs/work/lib/python3.4/site-packages/celery/worker/consumer.py", line 278, in start
    blueprint.start(self)
  File "/home/user/.virtualenvs/work/lib/python3.4/site-packages/celery/bootsteps.py", line 123, in start
    step.start(parent)
  File "/home/user/.virtualenvs/work/lib/python3.4/site-packages/celery/worker/consumer.py", line 821, in start
    c.loop(*c.loop_args())
  File "/home/user/.virtualenvs/work/lib/python3.4/site-packages/celery/worker/loops.py", line 70, in asynloop
    next(loop)
  File "/home/user/.virtualenvs/work/lib/python3.4/site-packages/kombu/async/hub.py", line 324, in create_loop
    cb(*cbargs)
  File "/home/user/.virtualenvs/work/lib/python3.4/site-packages/kombu/transport/base.py", line 162, in on_readable
    reader(loop)
  File "/home/user/.virtualenvs/work/lib/python3.4/site-packages/kombu/transport/base.py", line 144, in _read
    drain_events(timeout=0)
  File "/home/user/.virtualenvs/work/lib/python3.4/site-packages/amqp/connection.py", line 323, in drain_events
    return amqp_method(channel, args)
  File "/home/user/.virtualenvs/work/lib/python3.4/site-packages/amqp/connection.py", line 526, in _close
    self._x_close_ok()
  File "/home/user/.virtualenvs/work/lib/python3.4/site-packages/amqp/connection.py", line 554, in _x_close_ok
    self._send_method((10, 51))
  File "/home/user/.virtualenvs/work/lib/python3.4/site-packages/amqp/abstract_channel.py", line 56, in _send_method
    self.channel_id, method_sig, args, content,
  File "/home/user/.virtualenvs/work/lib/python3.4/site-packages/amqp/method_framing.py", line 221, in write_method
    write_frame(1, channel, payload)
  File "/home/user/.virtualenvs/work/lib/python3.4/site-packages/amqp/transport.py", line 182, in write_frame
    frame_type, channel, size, payload, 0xce,
ConnectionResetError: [Errno 104] Connection reset by peer
[2015-10-08 14:13:16,664: WARNING/MainProcess] consumer: Connection to broker lost. Trying to re-establish the connection...
Traceback (most recent call last):
  File "/home/user/.virtualenvs/work/lib/python3.4/site-packages/celery/worker/consumer.py", line 278, in start
    blueprint.start(self)
  File "/home/user/.virtualenvs/work/lib/python3.4/site-packages/celery/bootsteps.py", line 123, in start
    step.start(parent)
  File "/home/user/.virtualenvs/work/lib/python3.4/site-packages/celery/worker/consumer.py", line 821, in start
    c.loop(*c.loop_args())
  File "/home/user/.virtualenvs/work/lib/python3.4/site-packages/celery/worker/loops.py", line 70, in asynloop
    next(loop)
  File "/home/user/.virtualenvs/work/lib/python3.4/site-packages/kombu/async/hub.py", line 324, in create_loop
    cb(*cbargs)
  File "/home/user/.virtualenvs/work/lib/python3.4/site-packages/kombu/transport/base.py", line 162, in on_readable
    reader(loop)
  File "/home/user/.virtualenvs/work/lib/python3.4/site-packages/kombu/transport/base.py", line 144, in _read
    drain_events(timeout=0)
  File "/home/user/.virtualenvs/work/lib/python3.4/site-packages/amqp/connection.py", line 323, in drain_events
    return amqp_method(channel, args)
  File "/home/user/.virtualenvs/work/lib/python3.4/site-packages/amqp/connection.py", line 526, in _close
    self._x_close_ok()
  File "/home/user/.virtualenvs/work/lib/python3.4/site-packages/amqp/connection.py", line 554, in _x_close_ok
    self._send_method((10, 51))
  File "/home/user/.virtualenvs/work/lib/python3.4/site-packages/amqp/abstract_channel.py", line 56, in _send_method
    self.channel_id, method_sig, args, content,
  File "/home/user/.virtualenvs/work/lib/python3.4/site-packages/amqp/method_framing.py", line 221, in write_method
    write_frame(1, channel, payload)
  File "/home/user/.virtualenvs/work/lib/python3.4/site-packages/amqp/transport.py", line 182, in write_frame
    frame_type, channel, size, payload, 0xce,
ConnectionResetError: [Errno 104] Connection reset by peer
[2015-10-08 14:13:16,825: ERROR/MainProcess] consumer: Cannot connect to amqp://guest:**@127.0.0.1:5672//: [Errno 111] Connection refused.
Trying again in 2.00 seconds...

[2015-10-08 14:13:16,825: ERROR/MainProcess] consumer: Cannot connect to amqp://guest:**@127.0.0.1:5672//: [Errno 111] Connection refused.
Trying again in 2.00 seconds...

[2015-10-08 14:13:18,843: ERROR/MainProcess] consumer: Cannot connect to amqp://guest:**@127.0.0.1:5672//: [Errno 111] Connection refused.
Trying again in 4.00 seconds...

[2015-10-08 14:13:18,843: ERROR/MainProcess] consumer: Cannot connect to amqp://guest:**@127.0.0.1:5672//: [Errno 111] Connection refused.
Trying again in 4.00 seconds...

[2015-10-08 14:13:19,272: WARNING/Beat] Action delete
[2015-10-08 14:15:51,709: WARNING/MainProcess] /home/user/.virtualenvs/work/lib/python3.4/site-packages/celery/apps/worker.py:161: CDeprecationWarning: 
Starting from version 3.2 Celery will refuse to accept pickle by default.

The pickle serializer is a security concern as it may give attackers
the ability to execute any command.  It's important to secure
your broker from unauthorized access when using pickle, so we think
that enabling pickle should require a deliberate action and not be
the default choice.

If you depend on pickle then you should set a setting to disable this
warning and to be sure that everything will continue working
when you upgrade to Celery 3.2::

    CELERY_ACCEPT_CONTENT = ['pickle', 'json', 'msgpack', 'yaml']

You must only enable the serializers that you will actually use.


  warnings.warn(CDeprecationWarning(W_PICKLE_DEPRECATED))

[2015-10-08 14:15:52,865: WARNING/MainProcess] /home/user/.virtualenvs/work/lib/python3.4/site-packages/celery/fixups/django.py:265: UserWarning: Using settings.DEBUG leads to a memory leak, never use this setting in production environments!
  warnings.warn('Using settings.DEBUG leads to a memory leak, never '

[2015-10-08 14:15:52,865: WARNING/MainProcess] celeryd@user-11115 ready.
[2015-10-08 14:22:18,191: WARNING/MainProcess] /home/user/.virtualenvs/work/lib/python3.4/site-packages/celery/apps/worker.py:161: CDeprecationWarning: 
Starting from version 3.2 Celery will refuse to accept pickle by default.

The pickle serializer is a security concern as it may give attackers
the ability to execute any command.  It's important to secure
your broker from unauthorized access when using pickle, so we think
that enabling pickle should require a deliberate action and not be
the default choice.

If you depend on pickle then you should set a setting to disable this
warning and to be sure that everything will continue working
when you upgrade to Celery 3.2::

    CELERY_ACCEPT_CONTENT = ['pickle', 'json', 'msgpack', 'yaml']

You must only enable the serializers that you will actually use.


  warnings.warn(CDeprecationWarning(W_PICKLE_DEPRECATED))

[2015-10-08 14:22:19,245: WARNING/MainProcess] /home/user/.virtualenvs/work/lib/python3.4/site-packages/celery/fixups/django.py:265: UserWarning: Using settings.DEBUG leads to a memory leak, never use this setting in production environments!
  warnings.warn('Using settings.DEBUG leads to a memory leak, never '

[2015-10-08 14:22:19,245: WARNING/MainProcess] celeryd@user-11115 ready.
[2015-10-08 14:23:18,256: WARNING/Beat] THIS FUNCTION
[2015-10-08 14:23:18,263: WARNING/Beat] signal work
[2015-10-08 14:24:18,506: WARNING/Beat] THIS FUNCTION
[2015-10-08 14:24:18,508: WARNING/Beat] signal work
[2015-10-08 14:25:18,701: WARNING/Beat] THIS FUNCTION
[2015-10-08 14:25:18,705: WARNING/Beat] signal work
[2015-10-08 14:26:18,844: WARNING/Beat] THIS FUNCTION
[2015-10-08 14:27:18,979: WARNING/Beat] THIS FUNCTION
[2015-10-08 14:27:18,983: WARNING/Beat] signal work
[2015-10-08 14:28:19,156: WARNING/Beat] THIS FUNCTION
[2015-10-08 14:28:19,159: WARNING/Beat] signal work
[2015-10-08 14:29:19,335: WARNING/Beat] THIS FUNCTION
[2015-10-08 14:30:19,438: WARNING/Beat] THIS FUNCTION
[2015-10-08 14:31:19,493: WARNING/Beat] THIS FUNCTION
[2015-10-08 14:32:19,545: WARNING/Beat] THIS FUNCTION
[2015-10-08 14:33:19,646: WARNING/Beat] THIS FUNCTION
[2015-10-08 14:34:19,692: WARNING/Beat] THIS FUNCTION
[2015-10-08 14:35:19,743: WARNING/Beat] THIS FUNCTION
[2015-10-08 14:36:19,919: WARNING/Beat] THIS FUNCTION
[2015-10-08 14:37:19,965: WARNING/Beat] THIS FUNCTION
[2015-10-08 14:38:20,020: WARNING/Beat] THIS FUNCTION
[2015-10-08 14:39:20,111: WARNING/Beat] THIS FUNCTION
[2015-10-08 14:40:20,163: WARNING/Beat] THIS FUNCTION
[2015-10-08 14:41:20,215: WARNING/Beat] THIS FUNCTION
[2015-10-08 14:42:20,316: WARNING/Beat] THIS FUNCTION
[2015-10-08 14:43:20,368: WARNING/Beat] THIS FUNCTION
[2015-10-08 14:44:20,420: WARNING/Beat] THIS FUNCTION
[2015-10-08 14:45:20,511: WARNING/Beat] THIS FUNCTION
[2015-10-08 14:46:20,563: WARNING/Beat] THIS FUNCTION
[2015-10-08 14:47:20,606: WARNING/Beat] THIS FUNCTION
[2015-10-08 14:48:20,701: WARNING/Beat] THIS FUNCTION
[2015-10-08 14:49:20,753: WARNING/Beat] THIS FUNCTION
